<?xml version="1.0" encoding="UTF-8"?>
<!-- Generated by org.testng.reporters.JUnitReportReporter -->
<testsuite hostname="LTIN454439" failures="0" tests="36" name="com.displayBookshelves.testRunner.testNGRunner" time="497.674" errors="0" timestamp="2024-03-02T22:28:52 IST" skipped="0">
  <testcase classname="com.displayBookshelves.testRunner.testNGRunner" name="runScenario" time="13.456"/>
  <testcase classname="com.displayBookshelves.testRunner.testNGRunner" name="runScenario" time="30.123"/>
  <testcase classname="com.displayBookshelves.testRunner.testNGRunner" name="runScenario" time="7.187"/>
  <testcase classname="com.displayBookshelves.testRunner.testNGRunner" name="runScenario" time="7.634"/>
  <testcase classname="com.displayBookshelves.testRunner.testNGRunner" name="runScenario" time="23.045"/>
  <testcase classname="com.displayBookshelves.testRunner.testNGRunner" name="runScenario" time="10.738"/>
  <testcase classname="com.displayBookshelves.testRunner.testNGRunner" name="runScenario" time="10.153"/>
  <testcase classname="com.displayBookshelves.testRunner.testNGRunner" name="runScenario" time="12.453"/>
  <testcase classname="com.displayBookshelves.testRunner.testNGRunner" name="runScenario" time="12.524"/>
  <testcase classname="com.displayBookshelves.testRunner.testNGRunner" name="runScenario" time="12.113"/>
  <testcase classname="com.displayBookshelves.testRunner.testNGRunner" name="runScenario" time="13.412"/>
  <testcase classname="com.displayBookshelves.testRunner.testNGRunner" name="runScenario" time="10.143"/>
  <testcase classname="com.displayBookshelves.testRunner.testNGRunner" name="runScenario" time="13.314"/>
  <testcase classname="com.displayBookshelves.testRunner.testNGRunner" name="runScenario" time="13.330"/>
  <testcase classname="com.displayBookshelves.testRunner.testNGRunner" name="runScenario" time="12.011"/>
  <testcase classname="com.displayBookshelves.testRunner.testNGRunner" name="runScenario" time="12.820"/>
  <testcase classname="com.displayBookshelves.testRunner.testNGRunner" name="runScenario" time="8.686"/>
  <testcase classname="com.displayBookshelves.testRunner.testNGRunner" name="runScenario" time="21.997"/>
  <testcase classname="com.displayBookshelves.testRunner.testNGRunner" name="runScenario" time="11.038"/>
  <testcase classname="com.displayBookshelves.testRunner.testNGRunner" name="runScenario" time="13.633"/>
  <testcase classname="com.displayBookshelves.testRunner.testNGRunner" name="runScenario" time="32.923"/>
  <testcase classname="com.displayBookshelves.testRunner.testNGRunner" name="runScenario" time="11.725"/>
  <testcase classname="com.displayBookshelves.testRunner.testNGRunner" name="runScenario" time="11.716"/>
  <testcase classname="com.displayBookshelves.testRunner.testNGRunner" name="runScenario" time="13.095"/>
  <testcase classname="com.displayBookshelves.testRunner.testNGRunner" name="runScenario" time="12.685"/>
  <testcase classname="com.displayBookshelves.testRunner.testNGRunner" name="runScenario" time="8.655"/>
  <testcase classname="com.displayBookshelves.testRunner.testNGRunner" name="runScenario" time="18.273"/>
  <testcase classname="com.displayBookshelves.testRunner.testNGRunner" name="runScenario" time="13.418"/>
  <testcase classname="com.displayBookshelves.testRunner.testNGRunner" name="runScenario" time="18.050"/>
  <testcase classname="com.displayBookshelves.testRunner.testNGRunner" name="runScenario" time="12.882"/>
  <testcase classname="com.displayBookshelves.testRunner.testNGRunner" name="runScenario" time="17.004"/>
  <testcase classname="com.displayBookshelves.testRunner.testNGRunner" name="runScenario" time="8.791"/>
  <testcase classname="com.displayBookshelves.testRunner.testNGRunner" name="runScenario" time="8.836"/>
  <testcase classname="com.displayBookshelves.testRunner.testNGRunner" name="runScenario" time="23.964"/>
  <testcase classname="com.displayBookshelves.testRunner.testNGRunner" name="runScenario" time="7.940"/>
  <testcase classname="com.displayBookshelves.testRunner.testNGRunner" name="runScenario" time="7.907"/>
</testsuite> <!-- com.displayBookshelves.testRunner.testNGRunner -->
