<?xml version="1.0" encoding="UTF-8"?>
<!-- Generated by org.testng.reporters.JUnitReportReporter -->
<testsuite hostname="LTIN454439" failures="0" tests="33" name="com.urbanLadder.testRunner.testNGRunner" time="523.419" errors="0" timestamp="2024-03-09T20:41:55 IST" skipped="0">
  <testcase classname="com.urbanLadder.testRunner.testNGRunner" name="runScenario" time="8.349"/>
  <testcase classname="com.urbanLadder.testRunner.testNGRunner" name="runScenario" time="16.234"/>
  <testcase classname="com.urbanLadder.testRunner.testNGRunner" name="runScenario" time="10.199"/>
  <testcase classname="com.urbanLadder.testRunner.testNGRunner" name="runScenario" time="20.065"/>
  <testcase classname="com.urbanLadder.testRunner.testNGRunner" name="runScenario" time="16.879"/>
  <testcase classname="com.urbanLadder.testRunner.testNGRunner" name="runScenario" time="8.982"/>
  <testcase classname="com.urbanLadder.testRunner.testNGRunner" name="runScenario" time="11.789"/>
  <testcase classname="com.urbanLadder.testRunner.testNGRunner" name="runScenario" time="12.307"/>
  <testcase classname="com.urbanLadder.testRunner.testNGRunner" name="runScenario" time="7.729"/>
  <testcase classname="com.urbanLadder.testRunner.testNGRunner" name="runScenario" time="12.816"/>
  <testcase classname="com.urbanLadder.testRunner.testNGRunner" name="runScenario" time="12.127"/>
  <testcase classname="com.urbanLadder.testRunner.testNGRunner" name="runScenario" time="27.552"/>
  <testcase classname="com.urbanLadder.testRunner.testNGRunner" name="runScenario" time="42.188"/>
  <testcase classname="com.urbanLadder.testRunner.testNGRunner" name="runScenario" time="12.456"/>
  <testcase classname="com.urbanLadder.testRunner.testNGRunner" name="runScenario" time="17.488"/>
  <testcase classname="com.urbanLadder.testRunner.testNGRunner" name="runScenario" time="13.084"/>
  <testcase classname="com.urbanLadder.testRunner.testNGRunner" name="runScenario" time="32.043"/>
  <testcase classname="com.urbanLadder.testRunner.testNGRunner" name="runScenario" time="12.462"/>
  <testcase classname="com.urbanLadder.testRunner.testNGRunner" name="runScenario" time="12.241"/>
  <testcase classname="com.urbanLadder.testRunner.testNGRunner" name="runScenario" time="11.112"/>
  <testcase classname="com.urbanLadder.testRunner.testNGRunner" name="runScenario" time="11.746"/>
  <testcase classname="com.urbanLadder.testRunner.testNGRunner" name="runScenario" time="19.611"/>
  <testcase classname="com.urbanLadder.testRunner.testNGRunner" name="runScenario" time="11.592"/>
  <testcase classname="com.urbanLadder.testRunner.testNGRunner" name="runScenario" time="19.297"/>
  <testcase classname="com.urbanLadder.testRunner.testNGRunner" name="runScenario" time="17.638"/>
  <testcase classname="com.urbanLadder.testRunner.testNGRunner" name="runScenario" time="21.133"/>
  <testcase classname="com.urbanLadder.testRunner.testNGRunner" name="runScenario" time="12.289"/>
  <testcase classname="com.urbanLadder.testRunner.testNGRunner" name="runScenario" time="10.793"/>
  <testcase classname="com.urbanLadder.testRunner.testNGRunner" name="runScenario" time="12.740"/>
  <testcase classname="com.urbanLadder.testRunner.testNGRunner" name="runScenario" time="31.117"/>
  <testcase classname="com.urbanLadder.testRunner.testNGRunner" name="runScenario" time="10.840"/>
  <testcase classname="com.urbanLadder.testRunner.testNGRunner" name="runScenario" time="16.648"/>
  <testcase classname="com.urbanLadder.testRunner.testNGRunner" name="runScenario" time="9.873"/>
</testsuite> <!-- com.urbanLadder.testRunner.testNGRunner -->
