<?xml version="1.0" encoding="UTF-8"?>
<!-- Generated by org.testng.reporters.JUnitReportReporter -->
<testsuite hostname="LTIN454439" failures="0" tests="36" name="com.urbanLadder.testRunner.testNGRunner" time="496.004" errors="0" timestamp="2024-03-05T23:54:03 IST" skipped="0">
  <testcase classname="com.urbanLadder.testRunner.testNGRunner" name="runScenario" time="12.852"/>
  <testcase classname="com.urbanLadder.testRunner.testNGRunner" name="runScenario" time="10.012"/>
  <testcase classname="com.urbanLadder.testRunner.testNGRunner" name="runScenario" time="17.328"/>
  <testcase classname="com.urbanLadder.testRunner.testNGRunner" name="runScenario" time="11.851"/>
  <testcase classname="com.urbanLadder.testRunner.testNGRunner" name="runScenario" time="6.955"/>
  <testcase classname="com.urbanLadder.testRunner.testNGRunner" name="runScenario" time="9.409"/>
  <testcase classname="com.urbanLadder.testRunner.testNGRunner" name="runScenario" time="12.279"/>
  <testcase classname="com.urbanLadder.testRunner.testNGRunner" name="runScenario" time="8.317"/>
  <testcase classname="com.urbanLadder.testRunner.testNGRunner" name="runScenario" time="12.132"/>
  <testcase classname="com.urbanLadder.testRunner.testNGRunner" name="runScenario" time="9.170"/>
  <testcase classname="com.urbanLadder.testRunner.testNGRunner" name="runScenario" time="12.279"/>
  <testcase classname="com.urbanLadder.testRunner.testNGRunner" name="runScenario" time="8.459"/>
  <testcase classname="com.urbanLadder.testRunner.testNGRunner" name="runScenario" time="10.820"/>
  <testcase classname="com.urbanLadder.testRunner.testNGRunner" name="runScenario" time="7.221"/>
  <testcase classname="com.urbanLadder.testRunner.testNGRunner" name="runScenario" time="13.838"/>
  <testcase classname="com.urbanLadder.testRunner.testNGRunner" name="runScenario" time="29.937"/>
  <testcase classname="com.urbanLadder.testRunner.testNGRunner" name="runScenario" time="12.004"/>
  <testcase classname="com.urbanLadder.testRunner.testNGRunner" name="runScenario" time="8.344"/>
  <testcase classname="com.urbanLadder.testRunner.testNGRunner" name="runScenario" time="12.430"/>
  <testcase classname="com.urbanLadder.testRunner.testNGRunner" name="runScenario" time="11.382"/>
  <testcase classname="com.urbanLadder.testRunner.testNGRunner" name="runScenario" time="32.928"/>
  <testcase classname="com.urbanLadder.testRunner.testNGRunner" name="runScenario" time="13.066"/>
  <testcase classname="com.urbanLadder.testRunner.testNGRunner" name="runScenario" time="24.656"/>
  <testcase classname="com.urbanLadder.testRunner.testNGRunner" name="runScenario" time="12.844"/>
  <testcase classname="com.urbanLadder.testRunner.testNGRunner" name="runScenario" time="10.300"/>
  <testcase classname="com.urbanLadder.testRunner.testNGRunner" name="runScenario" time="7.763"/>
  <testcase classname="com.urbanLadder.testRunner.testNGRunner" name="runScenario" time="13.340"/>
  <testcase classname="com.urbanLadder.testRunner.testNGRunner" name="runScenario" time="7.648"/>
  <testcase classname="com.urbanLadder.testRunner.testNGRunner" name="runScenario" time="12.087"/>
  <testcase classname="com.urbanLadder.testRunner.testNGRunner" name="runScenario" time="12.118"/>
  <testcase classname="com.urbanLadder.testRunner.testNGRunner" name="runScenario" time="17.933"/>
  <testcase classname="com.urbanLadder.testRunner.testNGRunner" name="runScenario" time="13.385"/>
  <testcase classname="com.urbanLadder.testRunner.testNGRunner" name="runScenario" time="11.258"/>
  <testcase classname="com.urbanLadder.testRunner.testNGRunner" name="runScenario" time="19.459"/>
  <testcase classname="com.urbanLadder.testRunner.testNGRunner" name="runScenario" time="26.667"/>
  <testcase classname="com.urbanLadder.testRunner.testNGRunner" name="runScenario" time="23.533"/>
</testsuite> <!-- com.urbanLadder.testRunner.testNGRunner -->
